INFO:src.init:	METHOD:GET, IP:172.21.0.1, PATH:/, TIME:2025-04-25 18:17:48.861420, CODE:200
INFO:src.init:	METHOD:GET, IP:172.21.0.1, PATH:/public/style.css, TIME:2025-04-25 18:17:48.875808, CODE:200
INFO:src.init:	METHOD:GET, IP:172.21.0.1, PATH:/@me, TIME:2025-04-25 18:17:49.079238, CODE:401
INFO:src.init:	METHOD:GET, IP:172.21.0.1, PATH:/login, TIME:2025-04-25 18:18:01.344277, CODE:200
INFO:src.init:	METHOD:GET, IP:172.21.0.1, PATH:/public/style.css, TIME:2025-04-25 18:18:01.364899, CODE:200
INFO:src.init:		attempt from [Superice] to log in, successful?:True. successfully logged in
INFO:src.init:	METHOD:POST, IP:172.21.0.1, PATH:/login_data, TIME:2025-04-25 18:18:10.451034, CODE:200
INFO:src.init:	METHOD:GET, IP:172.21.0.1, PATH:/, TIME:2025-04-25 18:18:10.466841, CODE:200
INFO:src.init:	METHOD:GET, IP:172.21.0.1, PATH:/public/style.css, TIME:2025-04-25 18:18:10.489011, CODE:200
INFO:src.init:	METHOD:GET, IP:172.21.0.1, PATH:/@me, TIME:2025-04-25 18:18:10.511060, CODE:200
INFO:src.init:	METHOD:GET, IP:172.21.0.1, PATH:/casino, TIME:2025-04-25 18:18:13.745164, CODE:200
INFO:src.init:	METHOD:GET, IP:172.21.0.1, PATH:/phaser-game/phaser.js, TIME:2025-04-25 18:18:13.768679, CODE:200
INFO:src.init:	METHOD:GET, IP:172.21.0.1, PATH:/phaser-game/src/casino/mainCasino.js, TIME:2025-04-25 18:18:13.779430, CODE:200
INFO:src.init:	METHOD:GET, IP:172.21.0.1, PATH:/phaser-game/src/casino/scenes/GameOver.js, TIME:2025-04-25 18:18:13.993176, CODE:200
INFO:src.init:	METHOD:GET, IP:172.21.0.1, PATH:/phaser-game/src/casino/scenes/BootCasino.js, TIME:2025-04-25 18:18:13.993415, CODE:200
INFO:src.init:	METHOD:GET, IP:172.21.0.1, PATH:/phaser-game/src/casino/scenes/GameCasino.js, TIME:2025-04-25 18:18:13.996639, CODE:200
INFO:src.init:	METHOD:GET, IP:172.21.0.1, PATH:/phaser-game/src/casino/scenes/PreloaderCasino.js, TIME:2025-04-25 18:18:13.997858, CODE:200
INFO:src.init:	METHOD:GET, IP:172.21.0.1, PATH:/phaser-game/src/casino/scenes/Slots.js, TIME:2025-04-25 18:18:13.998903, CODE:200
INFO:src.init:	METHOD:GET, IP:172.21.0.1, PATH:/phaser-game/src/gameObjects/Player.js, TIME:2025-04-25 18:18:14.013568, CODE:200
INFO:src.init:	METHOD:GET, IP:172.21.0.1, PATH:/phaser-game/src/gameObjects/CoinCounter.js, TIME:2025-04-25 18:18:14.016532, CODE:200
INFO:src.init:	METHOD:GET, IP:172.21.0.1, PATH:/phaser-game/src/gameObjects/PlayerGhost.js, TIME:2025-04-25 18:18:14.016791, CODE:200
INFO:src.init:	METHOD:GET, IP:172.21.0.1, PATH:/phaser-game/src/gameObjects/SlotMachineDown.js, TIME:2025-04-25 18:18:14.017904, CODE:200
INFO:src.init:	METHOD:GET, IP:172.21.0.1, PATH:/phaser-game/src/gameObjects/SlotMachineSide.js, TIME:2025-04-25 18:18:14.018077, CODE:200
INFO:src.init:	METHOD:GET, IP:172.21.0.1, PATH:/public/socket.io.js, TIME:2025-04-25 18:18:14.019022, CODE:200
INFO:src.init:	METHOD:GET, IP:172.21.0.1, PATH:/phaser-game/src/gameObjects/SlotMachine.js, TIME:2025-04-25 18:18:14.028526, CODE:200
INFO:src.init:	METHOD:GET, IP:172.21.0.1, PATH:/phaser-game/assets/bg.png, TIME:2025-04-25 18:18:14.640648, CODE:200
INFO:src.init:	METHOD:GET, IP:172.21.0.1, PATH:/phaser-game/assets/debug.png, TIME:2025-04-25 18:18:14.640986, CODE:200
INFO:src.init:	METHOD:GET, IP:172.21.0.1, PATH:/phaser-game/assets/phaser.png, TIME:2025-04-25 18:18:14.704309, CODE:200
INFO:src.init:	METHOD:GET, IP:172.21.0.1, PATH:/phaser-game/assets/sky.png, TIME:2025-04-25 18:18:14.704632, CODE:200
INFO:src.init:	METHOD:GET, IP:172.21.0.1, PATH:/phaser-game/assets/slotmachine_side.png, TIME:2025-04-25 18:18:14.705224, CODE:200
INFO:src.init:	METHOD:GET, IP:172.21.0.1, PATH:/phaser-game/assets/slotmachine.png, TIME:2025-04-25 18:18:14.705745, CODE:200
INFO:src.init:	METHOD:GET, IP:172.21.0.1, PATH:/phaser-game/assets/play_popup.png, TIME:2025-04-25 18:18:14.706632, CODE:200
INFO:src.init:	METHOD:GET, IP:172.21.0.1, PATH:/phaser-game/assets/coin.png, TIME:2025-04-25 18:18:14.706939, CODE:200
INFO:src.init:	METHOD:GET, IP:172.21.0.1, PATH:/phaser-game/assets/pfp_border.png, TIME:2025-04-25 18:18:14.720055, CODE:200
INFO:src.init:	METHOD:GET, IP:172.21.0.1, PATH:/phaser-game/assets/dude.png, TIME:2025-04-25 18:18:14.722037, CODE:200
INFO:src.init:	METHOD:GET, IP:172.21.0.1, PATH:/phaser-game/assets/slots/empty_slots.png, TIME:2025-04-25 18:18:14.725701, CODE:200
INFO:src.init:	METHOD:GET, IP:172.21.0.1, PATH:/phaser-game/assets/slots/spin_button.png, TIME:2025-04-25 18:18:14.728072, CODE:200
ERROR:src.init:Exception on /phaser/@me [GET]
Traceback (most recent call last):
  File "/usr/local/lib/python3.9/site-packages/flask/app.py", line 1511, in wsgi_app
    response = self.full_dispatch_request()
  File "/usr/local/lib/python3.9/site-packages/flask/app.py", line 919, in full_dispatch_request
    rv = self.handle_user_exception(e)
  File "/usr/local/lib/python3.9/site-packages/flask/app.py", line 917, in full_dispatch_request
    rv = self.dispatch_request()
  File "/usr/local/lib/python3.9/site-packages/flask/app.py", line 902, in dispatch_request
    return self.ensure_sync(self.view_functions[rule.endpoint])(**view_args)  # type: ignore[no-any-return]
  File "/app/src/phaser_routes.py", line 27, in phaser_me
    'coins': user['coins']
KeyError: 'coins'
ERROR:src.init:Exception on /phaser/playSlots [POST]
Traceback (most recent call last):
  File "/usr/local/lib/python3.9/site-packages/flask/app.py", line 1511, in wsgi_app
    response = self.full_dispatch_request()
  File "/usr/local/lib/python3.9/site-packages/flask/app.py", line 919, in full_dispatch_request
    rv = self.handle_user_exception(e)
  File "/usr/local/lib/python3.9/site-packages/flask/app.py", line 917, in full_dispatch_request
    rv = self.dispatch_request()
  File "/usr/local/lib/python3.9/site-packages/flask/app.py", line 902, in dispatch_request
    return self.ensure_sync(self.view_functions[rule.endpoint])(**view_args)  # type: ignore[no-any-return]
  File "/app/src/phaser_routes.py", line 70, in slots_request
    new_coins : int = user['coins'] - player_bet
KeyError: 'coins'
ERROR:src.init:Exception on /phaser/playSlots [POST]
Traceback (most recent call last):
  File "/usr/local/lib/python3.9/site-packages/flask/app.py", line 1511, in wsgi_app
    response = self.full_dispatch_request()
  File "/usr/local/lib/python3.9/site-packages/flask/app.py", line 919, in full_dispatch_request
    rv = self.handle_user_exception(e)
  File "/usr/local/lib/python3.9/site-packages/flask/app.py", line 917, in full_dispatch_request
    rv = self.dispatch_request()
  File "/usr/local/lib/python3.9/site-packages/flask/app.py", line 902, in dispatch_request
    return self.ensure_sync(self.view_functions[rule.endpoint])(**view_args)  # type: ignore[no-any-return]
  File "/app/src/phaser_routes.py", line 70, in slots_request
    new_coins : int = user['coins'] - player_bet
KeyError: 'coins'
ERROR:src.init:Exception on /phaser/playSlots [POST]
Traceback (most recent call last):
  File "/usr/local/lib/python3.9/site-packages/flask/app.py", line 1511, in wsgi_app
    response = self.full_dispatch_request()
  File "/usr/local/lib/python3.9/site-packages/flask/app.py", line 919, in full_dispatch_request
    rv = self.handle_user_exception(e)
  File "/usr/local/lib/python3.9/site-packages/flask/app.py", line 917, in full_dispatch_request
    rv = self.dispatch_request()
  File "/usr/local/lib/python3.9/site-packages/flask/app.py", line 902, in dispatch_request
    return self.ensure_sync(self.view_functions[rule.endpoint])(**view_args)  # type: ignore[no-any-return]
  File "/app/src/phaser_routes.py", line 70, in slots_request
    new_coins : int = user['coins'] - player_bet
KeyError: 'coins'
ERROR:src.init:Exception on /phaser/playSlots [POST]
Traceback (most recent call last):
  File "/usr/local/lib/python3.9/site-packages/flask/app.py", line 1511, in wsgi_app
    response = self.full_dispatch_request()
  File "/usr/local/lib/python3.9/site-packages/flask/app.py", line 919, in full_dispatch_request
    rv = self.handle_user_exception(e)
  File "/usr/local/lib/python3.9/site-packages/flask/app.py", line 917, in full_dispatch_request
    rv = self.dispatch_request()
  File "/usr/local/lib/python3.9/site-packages/flask/app.py", line 902, in dispatch_request
    return self.ensure_sync(self.view_functions[rule.endpoint])(**view_args)  # type: ignore[no-any-return]
  File "/app/src/phaser_routes.py", line 70, in slots_request
    new_coins : int = user['coins'] - player_bet
KeyError: 'coins'
ERROR:src.init:Exception on /phaser/playSlots [POST]
Traceback (most recent call last):
  File "/usr/local/lib/python3.9/site-packages/flask/app.py", line 1511, in wsgi_app
    response = self.full_dispatch_request()
  File "/usr/local/lib/python3.9/site-packages/flask/app.py", line 919, in full_dispatch_request
    rv = self.handle_user_exception(e)
  File "/usr/local/lib/python3.9/site-packages/flask/app.py", line 917, in full_dispatch_request
    rv = self.dispatch_request()
  File "/usr/local/lib/python3.9/site-packages/flask/app.py", line 902, in dispatch_request
    return self.ensure_sync(self.view_functions[rule.endpoint])(**view_args)  # type: ignore[no-any-return]
  File "/app/src/phaser_routes.py", line 70, in slots_request
    new_coins : int = user['coins'] - player_bet
KeyError: 'coins'
ERROR:src.init:Exception on /phaser/playSlots [POST]
Traceback (most recent call last):
  File "/usr/local/lib/python3.9/site-packages/flask/app.py", line 1511, in wsgi_app
    response = self.full_dispatch_request()
  File "/usr/local/lib/python3.9/site-packages/flask/app.py", line 919, in full_dispatch_request
    rv = self.handle_user_exception(e)
  File "/usr/local/lib/python3.9/site-packages/flask/app.py", line 917, in full_dispatch_request
    rv = self.dispatch_request()
  File "/usr/local/lib/python3.9/site-packages/flask/app.py", line 902, in dispatch_request
    return self.ensure_sync(self.view_functions[rule.endpoint])(**view_args)  # type: ignore[no-any-return]
  File "/app/src/phaser_routes.py", line 70, in slots_request
    new_coins : int = user['coins'] - player_bet
KeyError: 'coins'
ERROR:src.init:Exception on /phaser/playSlots [POST]
Traceback (most recent call last):
  File "/usr/local/lib/python3.9/site-packages/flask/app.py", line 1511, in wsgi_app
    response = self.full_dispatch_request()
  File "/usr/local/lib/python3.9/site-packages/flask/app.py", line 919, in full_dispatch_request
    rv = self.handle_user_exception(e)
  File "/usr/local/lib/python3.9/site-packages/flask/app.py", line 917, in full_dispatch_request
    rv = self.dispatch_request()
  File "/usr/local/lib/python3.9/site-packages/flask/app.py", line 902, in dispatch_request
    return self.ensure_sync(self.view_functions[rule.endpoint])(**view_args)  # type: ignore[no-any-return]
  File "/app/src/phaser_routes.py", line 70, in slots_request
    new_coins : int = user['coins'] - player_bet
KeyError: 'coins'
ERROR:src.init:Exception on /phaser/playSlots [POST]
Traceback (most recent call last):
  File "/usr/local/lib/python3.9/site-packages/flask/app.py", line 1511, in wsgi_app
    response = self.full_dispatch_request()
  File "/usr/local/lib/python3.9/site-packages/flask/app.py", line 919, in full_dispatch_request
    rv = self.handle_user_exception(e)
  File "/usr/local/lib/python3.9/site-packages/flask/app.py", line 917, in full_dispatch_request
    rv = self.dispatch_request()
  File "/usr/local/lib/python3.9/site-packages/flask/app.py", line 902, in dispatch_request
    return self.ensure_sync(self.view_functions[rule.endpoint])(**view_args)  # type: ignore[no-any-return]
  File "/app/src/phaser_routes.py", line 70, in slots_request
    new_coins : int = user['coins'] - player_bet
KeyError: 'coins'
ERROR:src.init:Exception on /phaser/playSlots [POST]
Traceback (most recent call last):
  File "/usr/local/lib/python3.9/site-packages/flask/app.py", line 1511, in wsgi_app
    response = self.full_dispatch_request()
  File "/usr/local/lib/python3.9/site-packages/flask/app.py", line 919, in full_dispatch_request
    rv = self.handle_user_exception(e)
  File "/usr/local/lib/python3.9/site-packages/flask/app.py", line 917, in full_dispatch_request
    rv = self.dispatch_request()
  File "/usr/local/lib/python3.9/site-packages/flask/app.py", line 902, in dispatch_request
    return self.ensure_sync(self.view_functions[rule.endpoint])(**view_args)  # type: ignore[no-any-return]
  File "/app/src/phaser_routes.py", line 70, in slots_request
    new_coins : int = user['coins'] - player_bet
KeyError: 'coins'
ERROR:src.init:Exception on /phaser/playSlots [POST]
Traceback (most recent call last):
  File "/usr/local/lib/python3.9/site-packages/flask/app.py", line 1511, in wsgi_app
    response = self.full_dispatch_request()
  File "/usr/local/lib/python3.9/site-packages/flask/app.py", line 919, in full_dispatch_request
    rv = self.handle_user_exception(e)
  File "/usr/local/lib/python3.9/site-packages/flask/app.py", line 917, in full_dispatch_request
    rv = self.dispatch_request()
  File "/usr/local/lib/python3.9/site-packages/flask/app.py", line 902, in dispatch_request
    return self.ensure_sync(self.view_functions[rule.endpoint])(**view_args)  # type: ignore[no-any-return]
  File "/app/src/phaser_routes.py", line 70, in slots_request
    new_coins : int = user['coins'] - player_bet
KeyError: 'coins'
INFO:src.init:	METHOD:GET, IP:172.21.0.1, PATH:/public/socket.io.js.map, TIME:2025-04-25 18:18:28.941731, CODE:404
ERROR:src.init:Exception on /phaser/playSlots [POST]
Traceback (most recent call last):
  File "/usr/local/lib/python3.9/site-packages/flask/app.py", line 1511, in wsgi_app
    response = self.full_dispatch_request()
  File "/usr/local/lib/python3.9/site-packages/flask/app.py", line 919, in full_dispatch_request
    rv = self.handle_user_exception(e)
  File "/usr/local/lib/python3.9/site-packages/flask/app.py", line 917, in full_dispatch_request
    rv = self.dispatch_request()
  File "/usr/local/lib/python3.9/site-packages/flask/app.py", line 902, in dispatch_request
    return self.ensure_sync(self.view_functions[rule.endpoint])(**view_args)  # type: ignore[no-any-return]
  File "/app/src/phaser_routes.py", line 70, in slots_request
    new_coins : int = user['coins'] - player_bet
KeyError: 'coins'
ERROR:src.init:Exception on /phaser/playSlots [POST]
Traceback (most recent call last):
  File "/usr/local/lib/python3.9/site-packages/flask/app.py", line 1511, in wsgi_app
    response = self.full_dispatch_request()
  File "/usr/local/lib/python3.9/site-packages/flask/app.py", line 919, in full_dispatch_request
    rv = self.handle_user_exception(e)
  File "/usr/local/lib/python3.9/site-packages/flask/app.py", line 917, in full_dispatch_request
    rv = self.dispatch_request()
  File "/usr/local/lib/python3.9/site-packages/flask/app.py", line 902, in dispatch_request
    return self.ensure_sync(self.view_functions[rule.endpoint])(**view_args)  # type: ignore[no-any-return]
  File "/app/src/phaser_routes.py", line 70, in slots_request
    new_coins : int = user['coins'] - player_bet
KeyError: 'coins'
INFO:src.init:	METHOD:GET, IP:172.21.0.1, PATH:/mines, TIME:2025-04-25 18:24:40.182434, CODE:200
INFO:src.init:	METHOD:GET, IP:172.21.0.1, PATH:/phaser-game/phaser.js, TIME:2025-04-25 18:24:40.223102, CODE:200
INFO:src.init:	METHOD:GET, IP:172.21.0.1, PATH:/phaser-game/src/mines/mainMines.js, TIME:2025-04-25 18:24:40.223408, CODE:200
INFO:src.init:	METHOD:GET, IP:172.21.0.1, PATH:/phaser-game/src/mines/scenes/BootMines.js, TIME:2025-04-25 18:24:40.506613, CODE:200
INFO:src.init:	METHOD:GET, IP:172.21.0.1, PATH:/phaser-game/src/mines/scenes/PreloaderMines.js, TIME:2025-04-25 18:24:40.506838, CODE:200
INFO:src.init:	METHOD:GET, IP:172.21.0.1, PATH:/phaser-game/src/mines/scenes/GameMines.js, TIME:2025-04-25 18:24:40.506964, CODE:200
INFO:src.init:	METHOD:GET, IP:172.21.0.1, PATH:/phaser-game/src/gameObjects/CoinCounter.js, TIME:2025-04-25 18:24:40.516248, CODE:200
INFO:src.init:	METHOD:GET, IP:172.21.0.1, PATH:/phaser-game/assets/bg.png, TIME:2025-04-25 18:24:40.627830, CODE:200
INFO:src.init:	METHOD:GET, IP:172.21.0.1, PATH:/phaser-game/assets/cave.png, TIME:2025-04-25 18:24:40.697236, CODE:200
INFO:src.init:	METHOD:GET, IP:172.21.0.1, PATH:/phaser-game/assets/coal_breaking.png, TIME:2025-04-25 18:24:40.699296, CODE:200
INFO:src.init:	METHOD:GET, IP:172.21.0.1, PATH:/phaser-game/assets/coin.png, TIME:2025-04-25 18:24:40.699549, CODE:200
INFO:src.init:	METHOD:GET, IP:172.21.0.1, PATH:/phaser-game/assets/coal.png, TIME:2025-04-25 18:24:40.699962, CODE:200
ERROR:src.init:Exception on /phaser/@me [GET]
Traceback (most recent call last):
  File "/usr/local/lib/python3.9/site-packages/flask/app.py", line 1511, in wsgi_app
    response = self.full_dispatch_request()
  File "/usr/local/lib/python3.9/site-packages/flask/app.py", line 919, in full_dispatch_request
    rv = self.handle_user_exception(e)
  File "/usr/local/lib/python3.9/site-packages/flask/app.py", line 917, in full_dispatch_request
    rv = self.dispatch_request()
  File "/usr/local/lib/python3.9/site-packages/flask/app.py", line 902, in dispatch_request
    return self.ensure_sync(self.view_functions[rule.endpoint])(**view_args)  # type: ignore[no-any-return]
  File "/app/src/phaser_routes.py", line 27, in phaser_me
    'coins': user['coins']
KeyError: 'coins'
ERROR:src.init:Exception on /addCoins [POST]
Traceback (most recent call last):
  File "/usr/local/lib/python3.9/site-packages/flask/app.py", line 1511, in wsgi_app
    response = self.full_dispatch_request()
  File "/usr/local/lib/python3.9/site-packages/flask/app.py", line 919, in full_dispatch_request
    rv = self.handle_user_exception(e)
  File "/usr/local/lib/python3.9/site-packages/flask/app.py", line 917, in full_dispatch_request
    rv = self.dispatch_request()
  File "/usr/local/lib/python3.9/site-packages/flask/app.py", line 902, in dispatch_request
    return self.ensure_sync(self.view_functions[rule.endpoint])(**view_args)  # type: ignore[no-any-return]
  File "/app/src/phaser_routes.py", line 51, in add_coins
    new_coins = coins + user["coins"]
KeyError: 'coins'
ERROR:src.init:Exception on /addCoins [POST]
Traceback (most recent call last):
  File "/usr/local/lib/python3.9/site-packages/flask/app.py", line 1511, in wsgi_app
    response = self.full_dispatch_request()
  File "/usr/local/lib/python3.9/site-packages/flask/app.py", line 919, in full_dispatch_request
    rv = self.handle_user_exception(e)
  File "/usr/local/lib/python3.9/site-packages/flask/app.py", line 917, in full_dispatch_request
    rv = self.dispatch_request()
  File "/usr/local/lib/python3.9/site-packages/flask/app.py", line 902, in dispatch_request
    return self.ensure_sync(self.view_functions[rule.endpoint])(**view_args)  # type: ignore[no-any-return]
  File "/app/src/phaser_routes.py", line 51, in add_coins
    new_coins = coins + user["coins"]
KeyError: 'coins'
